[3.712s] Invoking command in '/home/wego/kiro_ws/src/kiro_application': PYTHONPATH=/home/wego/kiro_ws/src/build/kiro_application/prefix_override:/home/wego/kiro_ws/src/install/kiro_application/lib/python3.8/site-packages:${PYTHONPATH} /usr/bin/python3 -W ignore:setup.py install is deprecated setup.py egg_info --egg-base ../build/kiro_application build --build-base /home/wego/kiro_ws/src/build/kiro_application/build install --record /home/wego/kiro_ws/src/build/kiro_application/install.log --single-version-externally-managed install_data
[4.364s] running egg_info
[4.367s] creating ../build/kiro_application/kiro_application.egg-info
[4.370s] writing ../build/kiro_application/kiro_application.egg-info/PKG-INFO
[4.372s] writing dependency_links to ../build/kiro_application/kiro_application.egg-info/dependency_links.txt
[4.372s] writing entry points to ../build/kiro_application/kiro_application.egg-info/entry_points.txt
[4.373s] writing requirements to ../build/kiro_application/kiro_application.egg-info/requires.txt
[4.373s] writing top-level names to ../build/kiro_application/kiro_application.egg-info/top_level.txt
[4.373s] writing manifest file '../build/kiro_application/kiro_application.egg-info/SOURCES.txt'
[4.456s] reading manifest file '../build/kiro_application/kiro_application.egg-info/SOURCES.txt'
[4.457s] writing manifest file '../build/kiro_application/kiro_application.egg-info/SOURCES.txt'
[4.457s] running build
[4.457s] running build_py
[4.457s] creating /home/wego/kiro_ws/src/build/kiro_application/build
[4.458s] creating /home/wego/kiro_ws/src/build/kiro_application/build/lib
[4.458s] creating /home/wego/kiro_ws/src/build/kiro_application/build/lib/kiro_application
[4.458s] copying kiro_application/move_limo.py -> /home/wego/kiro_ws/src/build/kiro_application/build/lib/kiro_application
[4.459s] copying kiro_application/stop.py -> /home/wego/kiro_ws/src/build/kiro_application/build/lib/kiro_application
[4.459s] copying kiro_application/__init__.py -> /home/wego/kiro_ws/src/build/kiro_application/build/lib/kiro_application
[4.459s] copying kiro_application/turn_absolute.py -> /home/wego/kiro_ws/src/build/kiro_application/build/lib/kiro_application
[4.468s] running install
[4.472s] running install_lib
[4.475s] creating /home/wego/kiro_ws/src/install/kiro_application/lib/python3.8/site-packages/kiro_application
[4.475s] copying /home/wego/kiro_ws/src/build/kiro_application/build/lib/kiro_application/move_limo.py -> /home/wego/kiro_ws/src/install/kiro_application/lib/python3.8/site-packages/kiro_application
[4.475s] copying /home/wego/kiro_ws/src/build/kiro_application/build/lib/kiro_application/stop.py -> /home/wego/kiro_ws/src/install/kiro_application/lib/python3.8/site-packages/kiro_application
[4.476s] copying /home/wego/kiro_ws/src/build/kiro_application/build/lib/kiro_application/__init__.py -> /home/wego/kiro_ws/src/install/kiro_application/lib/python3.8/site-packages/kiro_application
[4.476s] copying /home/wego/kiro_ws/src/build/kiro_application/build/lib/kiro_application/turn_absolute.py -> /home/wego/kiro_ws/src/install/kiro_application/lib/python3.8/site-packages/kiro_application
[4.477s] byte-compiling /home/wego/kiro_ws/src/install/kiro_application/lib/python3.8/site-packages/kiro_application/move_limo.py to move_limo.cpython-38.pyc
[4.481s] byte-compiling /home/wego/kiro_ws/src/install/kiro_application/lib/python3.8/site-packages/kiro_application/stop.py to stop.cpython-38.pyc
[4.481s] byte-compiling /home/wego/kiro_ws/src/install/kiro_application/lib/python3.8/site-packages/kiro_application/__init__.py to __init__.cpython-38.pyc
[4.482s] byte-compiling /home/wego/kiro_ws/src/install/kiro_application/lib/python3.8/site-packages/kiro_application/turn_absolute.py to turn_absolute.cpython-38.pyc
[4.483s] running install_data
[4.484s] creating /home/wego/kiro_ws/src/install/kiro_application/share/ament_index
[4.484s] creating /home/wego/kiro_ws/src/install/kiro_application/share/ament_index/resource_index
[4.484s] creating /home/wego/kiro_ws/src/install/kiro_application/share/ament_index/resource_index/packages
[4.485s] copying resource/kiro_application -> /home/wego/kiro_ws/src/install/kiro_application/share/ament_index/resource_index/packages
[4.485s] copying package.xml -> /home/wego/kiro_ws/src/install/kiro_application/share/kiro_application
[4.485s] running install_egg_info
[4.489s] Copying ../build/kiro_application/kiro_application.egg-info to /home/wego/kiro_ws/src/install/kiro_application/lib/python3.8/site-packages/kiro_application-0.0.0-py3.8.egg-info
[4.491s] running install_scripts
[4.537s] Installing move_limo script to /home/wego/kiro_ws/src/install/kiro_application/lib/kiro_application
[4.538s] Installing stop script to /home/wego/kiro_ws/src/install/kiro_application/lib/kiro_application
[4.539s] writing list of installed files to '/home/wego/kiro_ws/src/build/kiro_application/install.log'
[4.652s] Invoked command in '/home/wego/kiro_ws/src/kiro_application' returned '0': PYTHONPATH=/home/wego/kiro_ws/src/build/kiro_application/prefix_override:/home/wego/kiro_ws/src/install/kiro_application/lib/python3.8/site-packages:${PYTHONPATH} /usr/bin/python3 -W ignore:setup.py install is deprecated setup.py egg_info --egg-base ../build/kiro_application build --build-base /home/wego/kiro_ws/src/build/kiro_application/build install --record /home/wego/kiro_ws/src/build/kiro_application/install.log --single-version-externally-managed install_data
