[2.299s] Invoking command in '/home/wego/kiro_ws/src/kiro_application': PYTHONPATH=/home/wego/kiro_ws/src/build/kiro_application/prefix_override:/home/wego/kiro_ws/src/install/kiro_application/lib/python3.8/site-packages:${PYTHONPATH} /usr/bin/python3 -W ignore:setup.py install is deprecated setup.py egg_info --egg-base ../build/kiro_application build --build-base /home/wego/kiro_ws/src/build/kiro_application/build install --record /home/wego/kiro_ws/src/build/kiro_application/install.log --single-version-externally-managed install_data
[2.928s] running egg_info
[2.930s] writing ../build/kiro_application/kiro_application.egg-info/PKG-INFO
[2.931s] writing dependency_links to ../build/kiro_application/kiro_application.egg-info/dependency_links.txt
[2.932s] writing entry points to ../build/kiro_application/kiro_application.egg-info/entry_points.txt
[2.932s] writing requirements to ../build/kiro_application/kiro_application.egg-info/requires.txt
[2.933s] writing top-level names to ../build/kiro_application/kiro_application.egg-info/top_level.txt
[3.010s] reading manifest file '../build/kiro_application/kiro_application.egg-info/SOURCES.txt'
[3.011s] writing manifest file '../build/kiro_application/kiro_application.egg-info/SOURCES.txt'
[3.011s] running build
[3.011s] running build_py
[3.012s] copying kiro_application/stop.py -> /home/wego/kiro_ws/src/build/kiro_application/build/lib/kiro_application
[3.013s] running install
[3.016s] running install_lib
[3.019s] copying /home/wego/kiro_ws/src/build/kiro_application/build/lib/kiro_application/stop.py -> /home/wego/kiro_ws/src/install/kiro_application/lib/python3.8/site-packages/kiro_application
[3.021s] byte-compiling /home/wego/kiro_ws/src/install/kiro_application/lib/python3.8/site-packages/kiro_application/stop.py to stop.cpython-38.pyc
[3.025s] running install_data
[3.025s] running install_egg_info
[3.031s] removing '/home/wego/kiro_ws/src/install/kiro_application/lib/python3.8/site-packages/kiro_application-0.0.0-py3.8.egg-info' (and everything under it)
[3.032s] Copying ../build/kiro_application/kiro_application.egg-info to /home/wego/kiro_ws/src/install/kiro_application/lib/python3.8/site-packages/kiro_application-0.0.0-py3.8.egg-info
[3.035s] running install_scripts
[3.082s] Installing move_limo script to /home/wego/kiro_ws/src/install/kiro_application/lib/kiro_application
[3.083s] Installing stop script to /home/wego/kiro_ws/src/install/kiro_application/lib/kiro_application
[3.084s] writing list of installed files to '/home/wego/kiro_ws/src/build/kiro_application/install.log'
[3.183s] Invoked command in '/home/wego/kiro_ws/src/kiro_application' returned '0': PYTHONPATH=/home/wego/kiro_ws/src/build/kiro_application/prefix_override:/home/wego/kiro_ws/src/install/kiro_application/lib/python3.8/site-packages:${PYTHONPATH} /usr/bin/python3 -W ignore:setup.py install is deprecated setup.py egg_info --egg-base ../build/kiro_application build --build-base /home/wego/kiro_ws/src/build/kiro_application/build install --record /home/wego/kiro_ws/src/build/kiro_application/install.log --single-version-externally-managed install_data
