[0.565s] DEBUG:colcon:Command line arguments: ['/usr/bin/colcon', 'build']
[0.566s] DEBUG:colcon:Parsed command line arguments: Namespace(allow_overriding=[], ament_cmake_args=None, base_paths=['.'], build_base='build', catkin_cmake_args=None, catkin_skip_building_tests=False, cmake_args=None, cmake_clean_cache=False, cmake_clean_first=False, cmake_force_configure=False, cmake_target=None, cmake_target_skip_unavailable=False, continue_on_error=False, event_handlers=None, executor='parallel', ignore_user_meta=False, install_base='install', log_base=None, log_level=None, main=<bound method BuildVerb.main of <colcon_core.verb.build.BuildVerb object at 0xffff8e3a83d0>>, merge_install=False, metas=['./colcon.meta'], mixin=None, mixin_files=None, mixin_verb=('build',), packages_above=None, packages_above_and_dependencies=None, packages_above_depth=None, packages_end=None, packages_ignore=None, packages_ignore_regex=None, packages_select=None, packages_select_build_failed=False, packages_select_by_dep=None, packages_select_regex=None, packages_select_test_failures=False, packages_skip=None, packages_skip_build_finished=False, packages_skip_by_dep=None, packages_skip_regex=None, packages_skip_test_passed=False, packages_skip_up_to=None, packages_start=None, packages_up_to=None, packages_up_to_regex=None, parallel_workers=6, paths=None, symlink_install=False, test_result_base=None, verb_extension=<colcon_core.verb.build.BuildVerb object at 0xffff8e3a83d0>, verb_name='build', verb_parser=<colcon_mixin.mixin.mixin_argument.MixinArgumentDecorator object at 0xffff8e34b8e0>)
[1.033s] Level 1:colcon.colcon_core.package_discovery:discover_packages(colcon_meta) check parameters
[1.034s] Level 1:colcon.colcon_core.package_discovery:discover_packages(recursive) check parameters
[1.034s] Level 1:colcon.colcon_core.package_discovery:discover_packages(ignore) check parameters
[1.034s] Level 1:colcon.colcon_core.package_discovery:discover_packages(path) check parameters
[1.034s] Level 1:colcon.colcon_core.package_discovery:discover_packages(colcon_meta) discover
[1.034s] Level 1:colcon.colcon_core.package_discovery:discover_packages(recursive) discover
[1.035s] INFO:colcon.colcon_core.package_discovery:Crawling recursively for packages in '/home/wego/kiro_ws/src'
[1.035s] Level 1:colcon.colcon_core.package_identification:_identify(.) by extensions ['ignore', 'ignore_ament_install']
[1.035s] Level 1:colcon.colcon_core.package_identification:_identify(.) by extension 'ignore'
[1.035s] Level 1:colcon.colcon_core.package_identification:_identify(.) by extension 'ignore_ament_install'
[1.035s] Level 1:colcon.colcon_core.package_identification:_identify(.) by extensions ['colcon_pkg']
[1.036s] Level 1:colcon.colcon_core.package_identification:_identify(.) by extension 'colcon_pkg'
[1.036s] Level 1:colcon.colcon_core.package_identification:_identify(.) by extensions ['colcon_meta']
[1.036s] Level 1:colcon.colcon_core.package_identification:_identify(.) by extension 'colcon_meta'
[1.036s] Level 1:colcon.colcon_core.package_identification:_identify(.) by extensions ['ros']
[1.036s] Level 1:colcon.colcon_core.package_identification:_identify(.) by extension 'ros'
[1.063s] Level 1:colcon.colcon_core.package_identification:_identify(.) by extensions ['cmake', 'python']
[1.064s] Level 1:colcon.colcon_core.package_identification:_identify(.) by extension 'cmake'
[1.064s] Level 1:colcon.colcon_core.package_identification:_identify(.) by extension 'python'
[1.064s] Level 1:colcon.colcon_core.package_identification:_identify(.) by extensions ['python_setup_py']
[1.064s] Level 1:colcon.colcon_core.package_identification:_identify(.) by extension 'python_setup_py'
[1.065s] Level 1:colcon.colcon_core.package_identification:_identify(build) by extensions ['ignore', 'ignore_ament_install']
[1.065s] Level 1:colcon.colcon_core.package_identification:_identify(build) by extension 'ignore'
[1.065s] Level 1:colcon.colcon_core.package_identification:_identify(build) ignored
[1.066s] Level 1:colcon.colcon_core.package_identification:_identify(install) by extensions ['ignore', 'ignore_ament_install']
[1.066s] Level 1:colcon.colcon_core.package_identification:_identify(install) by extension 'ignore'
[1.066s] Level 1:colcon.colcon_core.package_identification:_identify(install) ignored
[1.066s] Level 1:colcon.colcon_core.package_identification:_identify(kiro_application) by extensions ['ignore', 'ignore_ament_install']
[1.066s] Level 1:colcon.colcon_core.package_identification:_identify(kiro_application) by extension 'ignore'
[1.066s] Level 1:colcon.colcon_core.package_identification:_identify(kiro_application) by extension 'ignore_ament_install'
[1.067s] Level 1:colcon.colcon_core.package_identification:_identify(kiro_application) by extensions ['colcon_pkg']
[1.067s] Level 1:colcon.colcon_core.package_identification:_identify(kiro_application) by extension 'colcon_pkg'
[1.067s] Level 1:colcon.colcon_core.package_identification:_identify(kiro_application) by extensions ['colcon_meta']
[1.067s] Level 1:colcon.colcon_core.package_identification:_identify(kiro_application) by extension 'colcon_meta'
[1.067s] Level 1:colcon.colcon_core.package_identification:_identify(kiro_application) by extensions ['ros']
[1.067s] Level 1:colcon.colcon_core.package_identification:_identify(kiro_application) by extension 'ros'
[1.074s] DEBUG:colcon.colcon_core.package_identification:Package 'kiro_application' with type 'ros.ament_python' and name 'kiro_application'
[1.074s] Level 1:colcon.colcon_core.package_identification:_identify(log) by extensions ['ignore', 'ignore_ament_install']
[1.075s] Level 1:colcon.colcon_core.package_identification:_identify(log) by extension 'ignore'
[1.075s] Level 1:colcon.colcon_core.package_identification:_identify(log) ignored
[1.075s] Level 1:colcon.colcon_core.package_discovery:discover_packages(recursive) using defaults
[1.075s] Level 1:colcon.colcon_core.package_discovery:discover_packages(ignore) discover
[1.075s] Level 1:colcon.colcon_core.package_discovery:discover_packages(ignore) using defaults
[1.075s] Level 1:colcon.colcon_core.package_discovery:discover_packages(path) discover
[1.075s] Level 1:colcon.colcon_core.package_discovery:discover_packages(path) using defaults
[1.188s] Level 1:colcon.colcon_core.package_discovery:discover_packages(prefix_path) check parameters
[1.188s] Level 1:colcon.colcon_core.package_discovery:discover_packages(prefix_path) discover
[1.198s] DEBUG:colcon.colcon_installed_package_information.package_discovery:Found 1 installed packages in /home/wego/kiro_ws/src/install
[1.203s] DEBUG:colcon.colcon_installed_package_information.package_discovery:Found 52 installed packages in /home/wego/wego_ws/install
[1.208s] DEBUG:colcon.colcon_installed_package_information.package_discovery:Found 330 installed packages in /opt/ros/humble
[1.215s] Level 1:colcon.colcon_core.package_discovery:discover_packages(prefix_path) using defaults
[1.406s] Level 5:colcon.colcon_core.verb:set package 'kiro_application' build argument 'cmake_args' from command line to 'None'
[1.406s] Level 5:colcon.colcon_core.verb:set package 'kiro_application' build argument 'cmake_target' from command line to 'None'
[1.406s] Level 5:colcon.colcon_core.verb:set package 'kiro_application' build argument 'cmake_target_skip_unavailable' from command line to 'False'
[1.406s] Level 5:colcon.colcon_core.verb:set package 'kiro_application' build argument 'cmake_clean_cache' from command line to 'False'
[1.406s] Level 5:colcon.colcon_core.verb:set package 'kiro_application' build argument 'cmake_clean_first' from command line to 'False'
[1.406s] Level 5:colcon.colcon_core.verb:set package 'kiro_application' build argument 'cmake_force_configure' from command line to 'False'
[1.406s] Level 5:colcon.colcon_core.verb:set package 'kiro_application' build argument 'ament_cmake_args' from command line to 'None'
[1.407s] Level 5:colcon.colcon_core.verb:set package 'kiro_application' build argument 'catkin_cmake_args' from command line to 'None'
[1.407s] Level 5:colcon.colcon_core.verb:set package 'kiro_application' build argument 'catkin_skip_building_tests' from command line to 'False'
[1.407s] DEBUG:colcon.colcon_core.verb:Building package 'kiro_application' with the following arguments: {'ament_cmake_args': None, 'build_base': '/home/wego/kiro_ws/src/build/kiro_application', 'catkin_cmake_args': None, 'catkin_skip_building_tests': False, 'cmake_args': None, 'cmake_clean_cache': False, 'cmake_clean_first': False, 'cmake_force_configure': False, 'cmake_target': None, 'cmake_target_skip_unavailable': False, 'install_base': '/home/wego/kiro_ws/src/install/kiro_application', 'merge_install': False, 'path': '/home/wego/kiro_ws/src/kiro_application', 'symlink_install': False, 'test_result_base': None}
[1.407s] INFO:colcon.colcon_core.executor:Executing jobs using 'parallel' executor
[1.411s] DEBUG:colcon.colcon_parallel_executor.executor.parallel:run_until_complete
[1.412s] INFO:colcon.colcon_ros.task.ament_python.build:Building ROS package in '/home/wego/kiro_ws/src/kiro_application' with build type 'ament_python'
[1.412s] Level 1:colcon.colcon_core.shell:create_environment_hook('kiro_application', 'ament_prefix_path')
[1.417s] INFO:colcon.colcon_core.plugin_system:Skipping extension 'colcon_core.shell.bat': Not used on non-Windows systems
[1.418s] INFO:colcon.colcon_core.shell:Creating environment hook '/home/wego/kiro_ws/src/install/kiro_application/share/kiro_application/hook/ament_prefix_path.ps1'
[1.420s] INFO:colcon.colcon_core.shell:Creating environment descriptor '/home/wego/kiro_ws/src/install/kiro_application/share/kiro_application/hook/ament_prefix_path.dsv'
[1.421s] INFO:colcon.colcon_core.shell:Creating environment hook '/home/wego/kiro_ws/src/install/kiro_application/share/kiro_application/hook/ament_prefix_path.sh'
[1.424s] INFO:colcon.colcon_core.shell:Skip shell extension 'powershell' for command environment: Not usable outside of PowerShell
[1.424s] DEBUG:colcon.colcon_core.shell:Skip shell extension 'dsv' for command environment
[2.112s] INFO:colcon.colcon_core.task.python.build:Building Python package in '/home/wego/kiro_ws/src/kiro_application'
[2.114s] INFO:colcon.colcon_core.shell:Skip shell extension 'powershell' for command environment: Not usable outside of PowerShell
[2.114s] DEBUG:colcon.colcon_core.shell:Skip shell extension 'dsv' for command environment
[3.631s] DEBUG:colcon.colcon_core.event_handler.log_command:Invoking command in '/home/wego/kiro_ws/src/kiro_application': PYTHONPATH=/home/wego/kiro_ws/src/build/kiro_application/prefix_override:/home/wego/kiro_ws/src/install/kiro_application/lib/python3.8/site-packages:${PYTHONPATH} /usr/bin/python3 -W ignore:setup.py install is deprecated setup.py egg_info --egg-base ../build/kiro_application build --build-base /home/wego/kiro_ws/src/build/kiro_application/build install --record /home/wego/kiro_ws/src/build/kiro_application/install.log --single-version-externally-managed install_data
[4.517s] DEBUG:colcon.colcon_core.event_handler.log_command:Invoked command in '/home/wego/kiro_ws/src/kiro_application' returned '0': PYTHONPATH=/home/wego/kiro_ws/src/build/kiro_application/prefix_override:/home/wego/kiro_ws/src/install/kiro_application/lib/python3.8/site-packages:${PYTHONPATH} /usr/bin/python3 -W ignore:setup.py install is deprecated setup.py egg_info --egg-base ../build/kiro_application build --build-base /home/wego/kiro_ws/src/build/kiro_application/build install --record /home/wego/kiro_ws/src/build/kiro_application/install.log --single-version-externally-managed install_data
[4.525s] Level 1:colcon.colcon_core.environment:checking '/home/wego/kiro_ws/src/install/kiro_application' for CMake module files
[4.526s] Level 1:colcon.colcon_core.environment:checking '/home/wego/kiro_ws/src/install/kiro_application' for CMake config files
[4.528s] Level 1:colcon.colcon_core.environment:checking '/home/wego/kiro_ws/src/install/kiro_application/lib'
[4.529s] Level 1:colcon.colcon_core.environment:checking '/home/wego/kiro_ws/src/install/kiro_application/bin'
[4.529s] Level 1:colcon.colcon_core.environment:checking '/home/wego/kiro_ws/src/install/kiro_application/lib/pkgconfig/kiro_application.pc'
[4.530s] Level 1:colcon.colcon_core.environment:checking '/home/wego/kiro_ws/src/install/kiro_application/lib/python3.8/site-packages'
[4.530s] Level 1:colcon.colcon_core.shell:create_environment_hook('kiro_application', 'pythonpath')
[4.531s] INFO:colcon.colcon_core.shell:Creating environment hook '/home/wego/kiro_ws/src/install/kiro_application/share/kiro_application/hook/pythonpath.ps1'
[4.533s] INFO:colcon.colcon_core.shell:Creating environment descriptor '/home/wego/kiro_ws/src/install/kiro_application/share/kiro_application/hook/pythonpath.dsv'
[4.534s] INFO:colcon.colcon_core.shell:Creating environment hook '/home/wego/kiro_ws/src/install/kiro_application/share/kiro_application/hook/pythonpath.sh'
[4.536s] Level 1:colcon.colcon_core.environment:checking '/home/wego/kiro_ws/src/install/kiro_application/bin'
[4.536s] Level 1:colcon.colcon_core.environment:create_environment_scripts_only(kiro_application)
[4.537s] INFO:colcon.colcon_core.shell:Creating package script '/home/wego/kiro_ws/src/install/kiro_application/share/kiro_application/package.ps1'
[4.539s] INFO:colcon.colcon_core.shell:Creating package descriptor '/home/wego/kiro_ws/src/install/kiro_application/share/kiro_application/package.dsv'
[4.541s] INFO:colcon.colcon_core.shell:Creating package script '/home/wego/kiro_ws/src/install/kiro_application/share/kiro_application/package.sh'
[4.544s] INFO:colcon.colcon_core.shell:Creating package script '/home/wego/kiro_ws/src/install/kiro_application/share/kiro_application/package.bash'
[4.546s] INFO:colcon.colcon_core.shell:Creating package script '/home/wego/kiro_ws/src/install/kiro_application/share/kiro_application/package.zsh'
[4.548s] Level 1:colcon.colcon_core.environment:create_file_with_runtime_dependencies(/home/wego/kiro_ws/src/install/kiro_application/share/colcon-core/packages/kiro_application)
[4.550s] DEBUG:colcon.colcon_parallel_executor.executor.parallel:closing loop
[4.552s] DEBUG:colcon.colcon_parallel_executor.executor.parallel:loop closed
[4.553s] DEBUG:colcon.colcon_parallel_executor.executor.parallel:run_until_complete finished with '0'
[4.553s] DEBUG:colcon.colcon_core.event_reactor:joining thread
[4.572s] INFO:colcon.colcon_core.plugin_system:Skipping extension 'colcon_notification.desktop_notification.terminal_notifier': Not used on non-Darwin systems
[4.573s] INFO:colcon.colcon_core.plugin_system:Skipping extension 'colcon_notification.desktop_notification.win32': Not used on non-Windows systems
[4.573s] INFO:colcon.colcon_notification.desktop_notification:Sending desktop notification using 'notify2'
[4.623s] DEBUG:colcon.colcon_core.event_reactor:joined thread
[4.625s] INFO:colcon.colcon_core.shell:Creating prefix script '/home/wego/kiro_ws/src/install/local_setup.ps1'
[4.628s] INFO:colcon.colcon_core.shell:Creating prefix util module '/home/wego/kiro_ws/src/install/_local_setup_util_ps1.py'
[4.632s] INFO:colcon.colcon_core.shell:Creating prefix chain script '/home/wego/kiro_ws/src/install/setup.ps1'
[4.641s] INFO:colcon.colcon_core.shell:Creating prefix script '/home/wego/kiro_ws/src/install/local_setup.sh'
[4.643s] INFO:colcon.colcon_core.shell:Creating prefix util module '/home/wego/kiro_ws/src/install/_local_setup_util_sh.py'
[4.644s] INFO:colcon.colcon_core.shell:Creating prefix chain script '/home/wego/kiro_ws/src/install/setup.sh'
[4.653s] INFO:colcon.colcon_core.shell:Creating prefix script '/home/wego/kiro_ws/src/install/local_setup.bash'
[4.656s] INFO:colcon.colcon_core.shell:Creating prefix chain script '/home/wego/kiro_ws/src/install/setup.bash'
[4.665s] INFO:colcon.colcon_core.shell:Creating prefix script '/home/wego/kiro_ws/src/install/local_setup.zsh'
[4.666s] INFO:colcon.colcon_core.shell:Creating prefix chain script '/home/wego/kiro_ws/src/install/setup.zsh'
