[2.402s] Invoking command in '/home/wego/kiro_ws/src/kiro_application': PYTHONPATH=/home/wego/kiro_ws/src/build/kiro_application/prefix_override:/home/wego/kiro_ws/src/install/kiro_application/lib/python3.8/site-packages:${PYTHONPATH} /usr/bin/python3 -W ignore:setup.py install is deprecated setup.py egg_info --egg-base ../build/kiro_application build --build-base /home/wego/kiro_ws/src/build/kiro_application/build install --record /home/wego/kiro_ws/src/build/kiro_application/install.log --single-version-externally-managed install_data
[3.036s] running egg_info
[3.037s] writing ../build/kiro_application/kiro_application.egg-info/PKG-INFO
[3.038s] writing dependency_links to ../build/kiro_application/kiro_application.egg-info/dependency_links.txt
[3.038s] writing entry points to ../build/kiro_application/kiro_application.egg-info/entry_points.txt
[3.039s] writing requirements to ../build/kiro_application/kiro_application.egg-info/requires.txt
[3.039s] writing top-level names to ../build/kiro_application/kiro_application.egg-info/top_level.txt
[3.122s] reading manifest file '../build/kiro_application/kiro_application.egg-info/SOURCES.txt'
[3.123s] writing manifest file '../build/kiro_application/kiro_application.egg-info/SOURCES.txt'
[3.124s] running build
[3.124s] running build_py
[3.124s] copying kiro_application/stop.py -> /home/wego/kiro_ws/src/build/kiro_application/build/lib/kiro_application
[3.125s] running install
[3.128s] running install_lib
[3.131s] copying /home/wego/kiro_ws/src/build/kiro_application/build/lib/kiro_application/stop.py -> /home/wego/kiro_ws/src/install/kiro_application/lib/python3.8/site-packages/kiro_application
[3.133s] byte-compiling /home/wego/kiro_ws/src/install/kiro_application/lib/python3.8/site-packages/kiro_application/stop.py to stop.cpython-38.pyc
[3.136s] running install_data
[3.136s] running install_egg_info
[3.141s] removing '/home/wego/kiro_ws/src/install/kiro_application/lib/python3.8/site-packages/kiro_application-0.0.0-py3.8.egg-info' (and everything under it)
[3.142s] Copying ../build/kiro_application/kiro_application.egg-info to /home/wego/kiro_ws/src/install/kiro_application/lib/python3.8/site-packages/kiro_application-0.0.0-py3.8.egg-info
[3.144s] running install_scripts
[3.194s] Installing move_limo script to /home/wego/kiro_ws/src/install/kiro_application/lib/kiro_application
[3.194s] Installing stop script to /home/wego/kiro_ws/src/install/kiro_application/lib/kiro_application
[3.195s] writing list of installed files to '/home/wego/kiro_ws/src/build/kiro_application/install.log'
[3.304s] Invoked command in '/home/wego/kiro_ws/src/kiro_application' returned '0': PYTHONPATH=/home/wego/kiro_ws/src/build/kiro_application/prefix_override:/home/wego/kiro_ws/src/install/kiro_application/lib/python3.8/site-packages:${PYTHONPATH} /usr/bin/python3 -W ignore:setup.py install is deprecated setup.py egg_info --egg-base ../build/kiro_application build --build-base /home/wego/kiro_ws/src/build/kiro_application/build install --record /home/wego/kiro_ws/src/build/kiro_application/install.log --single-version-externally-managed install_data
