[2.218s] Invoking command in '/home/wego/kiro_ws/src/kiro_application': PYTHONPATH=/home/wego/kiro_ws/src/build/kiro_application/prefix_override:/home/wego/kiro_ws/src/install/kiro_application/lib/python3.8/site-packages:${PYTHONPATH} /usr/bin/python3 -W ignore:setup.py install is deprecated setup.py egg_info --egg-base ../build/kiro_application build --build-base /home/wego/kiro_ws/src/build/kiro_application/build install --record /home/wego/kiro_ws/src/build/kiro_application/install.log --single-version-externally-managed install_data
[2.830s] running egg_info
[2.831s] writing ../build/kiro_application/kiro_application.egg-info/PKG-INFO
[2.832s] writing dependency_links to ../build/kiro_application/kiro_application.egg-info/dependency_links.txt
[2.832s] writing entry points to ../build/kiro_application/kiro_application.egg-info/entry_points.txt
[2.833s] writing requirements to ../build/kiro_application/kiro_application.egg-info/requires.txt
[2.833s] writing top-level names to ../build/kiro_application/kiro_application.egg-info/top_level.txt
[2.916s] reading manifest file '../build/kiro_application/kiro_application.egg-info/SOURCES.txt'
[2.918s] writing manifest file '../build/kiro_application/kiro_application.egg-info/SOURCES.txt'
[2.918s] running build
[2.918s] running build_py
[2.919s] copying kiro_application/stop.py -> /home/wego/kiro_ws/src/build/kiro_application/build/lib/kiro_application
[2.920s] running install
[2.924s] running install_lib
[2.927s] copying /home/wego/kiro_ws/src/build/kiro_application/build/lib/kiro_application/stop.py -> /home/wego/kiro_ws/src/install/kiro_application/lib/python3.8/site-packages/kiro_application
[2.929s] byte-compiling /home/wego/kiro_ws/src/install/kiro_application/lib/python3.8/site-packages/kiro_application/stop.py to stop.cpython-38.pyc
[2.934s] running install_data
[2.934s] running install_egg_info
[2.941s] removing '/home/wego/kiro_ws/src/install/kiro_application/lib/python3.8/site-packages/kiro_application-0.0.0-py3.8.egg-info' (and everything under it)
[2.942s] Copying ../build/kiro_application/kiro_application.egg-info to /home/wego/kiro_ws/src/install/kiro_application/lib/python3.8/site-packages/kiro_application-0.0.0-py3.8.egg-info
[2.946s] running install_scripts
[3.000s] Installing move_limo script to /home/wego/kiro_ws/src/install/kiro_application/lib/kiro_application
[3.000s] Installing stop script to /home/wego/kiro_ws/src/install/kiro_application/lib/kiro_application
[3.001s] writing list of installed files to '/home/wego/kiro_ws/src/build/kiro_application/install.log'
[3.104s] Invoked command in '/home/wego/kiro_ws/src/kiro_application' returned '0': PYTHONPATH=/home/wego/kiro_ws/src/build/kiro_application/prefix_override:/home/wego/kiro_ws/src/install/kiro_application/lib/python3.8/site-packages:${PYTHONPATH} /usr/bin/python3 -W ignore:setup.py install is deprecated setup.py egg_info --egg-base ../build/kiro_application build --build-base /home/wego/kiro_ws/src/build/kiro_application/build install --record /home/wego/kiro_ws/src/build/kiro_application/install.log --single-version-externally-managed install_data
