[1.971s] DEBUG:colcon:Command line arguments: ['/usr/bin/colcon', 'build']
[1.972s] DEBUG:colcon:Parsed command line arguments: Namespace(allow_overriding=[], ament_cmake_args=None, base_paths=['.'], build_base='build', catkin_cmake_args=None, catkin_skip_building_tests=False, cmake_args=None, cmake_clean_cache=False, cmake_clean_first=False, cmake_force_configure=False, cmake_target=None, cmake_target_skip_unavailable=False, continue_on_error=False, event_handlers=None, executor='parallel', ignore_user_meta=False, install_base='install', log_base=None, log_level=None, main=<bound method BuildVerb.main of <colcon_core.verb.build.BuildVerb object at 0xffff9a1a8130>>, merge_install=False, metas=['./colcon.meta'], mixin=None, mixin_files=None, mixin_verb=('build',), packages_above=None, packages_above_and_dependencies=None, packages_above_depth=None, packages_end=None, packages_ignore=None, packages_ignore_regex=None, packages_select=None, packages_select_build_failed=False, packages_select_by_dep=None, packages_select_regex=None, packages_select_test_failures=False, packages_skip=None, packages_skip_build_finished=False, packages_skip_by_dep=None, packages_skip_regex=None, packages_skip_test_passed=False, packages_skip_up_to=None, packages_start=None, packages_up_to=None, packages_up_to_regex=None, parallel_workers=6, paths=None, symlink_install=False, test_result_base=None, verb_extension=<colcon_core.verb.build.BuildVerb object at 0xffff9a1a8130>, verb_name='build', verb_parser=<colcon_mixin.mixin.mixin_argument.MixinArgumentDecorator object at 0xffff9a156640>)
[2.930s] Level 1:colcon.colcon_core.package_discovery:discover_packages(colcon_meta) check parameters
[2.931s] Level 1:colcon.colcon_core.package_discovery:discover_packages(recursive) check parameters
[2.931s] Level 1:colcon.colcon_core.package_discovery:discover_packages(ignore) check parameters
[2.931s] Level 1:colcon.colcon_core.package_discovery:discover_packages(path) check parameters
[2.931s] Level 1:colcon.colcon_core.package_discovery:discover_packages(colcon_meta) discover
[2.931s] Level 1:colcon.colcon_core.package_discovery:discover_packages(recursive) discover
[2.931s] INFO:colcon.colcon_core.package_discovery:Crawling recursively for packages in '/home/wego/kiro_ws/src'
[2.932s] Level 1:colcon.colcon_core.package_identification:_identify(.) by extensions ['ignore', 'ignore_ament_install']
[2.932s] Level 1:colcon.colcon_core.package_identification:_identify(.) by extension 'ignore'
[2.932s] Level 1:colcon.colcon_core.package_identification:_identify(.) by extension 'ignore_ament_install'
[2.932s] Level 1:colcon.colcon_core.package_identification:_identify(.) by extensions ['colcon_pkg']
[2.932s] Level 1:colcon.colcon_core.package_identification:_identify(.) by extension 'colcon_pkg'
[2.932s] Level 1:colcon.colcon_core.package_identification:_identify(.) by extensions ['colcon_meta']
[2.933s] Level 1:colcon.colcon_core.package_identification:_identify(.) by extension 'colcon_meta'
[2.933s] Level 1:colcon.colcon_core.package_identification:_identify(.) by extensions ['ros']
[2.933s] Level 1:colcon.colcon_core.package_identification:_identify(.) by extension 'ros'
[2.971s] Level 1:colcon.colcon_core.package_identification:_identify(.) by extensions ['cmake', 'python']
[2.972s] Level 1:colcon.colcon_core.package_identification:_identify(.) by extension 'cmake'
[2.972s] Level 1:colcon.colcon_core.package_identification:_identify(.) by extension 'python'
[2.972s] Level 1:colcon.colcon_core.package_identification:_identify(.) by extensions ['python_setup_py']
[2.972s] Level 1:colcon.colcon_core.package_identification:_identify(.) by extension 'python_setup_py'
[2.973s] Level 1:colcon.colcon_core.package_identification:_identify(build) by extensions ['ignore', 'ignore_ament_install']
[2.973s] Level 1:colcon.colcon_core.package_identification:_identify(build) by extension 'ignore'
[2.973s] Level 1:colcon.colcon_core.package_identification:_identify(build) ignored
[2.973s] Level 1:colcon.colcon_core.package_identification:_identify(install) by extensions ['ignore', 'ignore_ament_install']
[2.974s] Level 1:colcon.colcon_core.package_identification:_identify(install) by extension 'ignore'
[2.974s] Level 1:colcon.colcon_core.package_identification:_identify(install) ignored
[2.974s] Level 1:colcon.colcon_core.package_identification:_identify(kiro_application) by extensions ['ignore', 'ignore_ament_install']
[2.974s] Level 1:colcon.colcon_core.package_identification:_identify(kiro_application) by extension 'ignore'
[2.974s] Level 1:colcon.colcon_core.package_identification:_identify(kiro_application) by extension 'ignore_ament_install'
[2.974s] Level 1:colcon.colcon_core.package_identification:_identify(kiro_application) by extensions ['colcon_pkg']
[2.975s] Level 1:colcon.colcon_core.package_identification:_identify(kiro_application) by extension 'colcon_pkg'
[2.975s] Level 1:colcon.colcon_core.package_identification:_identify(kiro_application) by extensions ['colcon_meta']
[2.975s] Level 1:colcon.colcon_core.package_identification:_identify(kiro_application) by extension 'colcon_meta'
[2.975s] Level 1:colcon.colcon_core.package_identification:_identify(kiro_application) by extensions ['ros']
[2.975s] Level 1:colcon.colcon_core.package_identification:_identify(kiro_application) by extension 'ros'
[3.124s] DEBUG:colcon.colcon_core.package_identification:Package 'kiro_application' with type 'ros.ament_python' and name 'kiro_application'
[3.125s] Level 1:colcon.colcon_core.package_identification:_identify(log) by extensions ['ignore', 'ignore_ament_install']
[3.125s] Level 1:colcon.colcon_core.package_identification:_identify(log) by extension 'ignore'
[3.126s] Level 1:colcon.colcon_core.package_identification:_identify(log) ignored
[3.126s] Level 1:colcon.colcon_core.package_discovery:discover_packages(recursive) using defaults
[3.126s] Level 1:colcon.colcon_core.package_discovery:discover_packages(ignore) discover
[3.126s] Level 1:colcon.colcon_core.package_discovery:discover_packages(ignore) using defaults
[3.126s] Level 1:colcon.colcon_core.package_discovery:discover_packages(path) discover
[3.126s] Level 1:colcon.colcon_core.package_discovery:discover_packages(path) using defaults
[3.513s] Level 1:colcon.colcon_core.package_discovery:discover_packages(prefix_path) check parameters
[3.513s] Level 1:colcon.colcon_core.package_discovery:discover_packages(prefix_path) discover
[3.529s] DEBUG:colcon.colcon_installed_package_information.package_discovery:Found 52 installed packages in /home/wego/wego_ws/install
[3.533s] DEBUG:colcon.colcon_installed_package_information.package_discovery:Found 330 installed packages in /opt/ros/humble
[3.541s] Level 1:colcon.colcon_core.package_discovery:discover_packages(prefix_path) using defaults
[3.920s] Level 5:colcon.colcon_core.verb:set package 'kiro_application' build argument 'cmake_args' from command line to 'None'
[3.920s] Level 5:colcon.colcon_core.verb:set package 'kiro_application' build argument 'cmake_target' from command line to 'None'
[3.920s] Level 5:colcon.colcon_core.verb:set package 'kiro_application' build argument 'cmake_target_skip_unavailable' from command line to 'False'
[3.920s] Level 5:colcon.colcon_core.verb:set package 'kiro_application' build argument 'cmake_clean_cache' from command line to 'False'
[3.920s] Level 5:colcon.colcon_core.verb:set package 'kiro_application' build argument 'cmake_clean_first' from command line to 'False'
[3.920s] Level 5:colcon.colcon_core.verb:set package 'kiro_application' build argument 'cmake_force_configure' from command line to 'False'
[3.920s] Level 5:colcon.colcon_core.verb:set package 'kiro_application' build argument 'ament_cmake_args' from command line to 'None'
[3.920s] Level 5:colcon.colcon_core.verb:set package 'kiro_application' build argument 'catkin_cmake_args' from command line to 'None'
[3.920s] Level 5:colcon.colcon_core.verb:set package 'kiro_application' build argument 'catkin_skip_building_tests' from command line to 'False'
[3.921s] DEBUG:colcon.colcon_core.verb:Building package 'kiro_application' with the following arguments: {'ament_cmake_args': None, 'build_base': '/home/wego/kiro_ws/src/build/kiro_application', 'catkin_cmake_args': None, 'catkin_skip_building_tests': False, 'cmake_args': None, 'cmake_clean_cache': False, 'cmake_clean_first': False, 'cmake_force_configure': False, 'cmake_target': None, 'cmake_target_skip_unavailable': False, 'install_base': '/home/wego/kiro_ws/src/install/kiro_application', 'merge_install': False, 'path': '/home/wego/kiro_ws/src/kiro_application', 'symlink_install': False, 'test_result_base': None}
[3.921s] INFO:colcon.colcon_core.executor:Executing jobs using 'parallel' executor
[3.927s] DEBUG:colcon.colcon_parallel_executor.executor.parallel:run_until_complete
[3.927s] INFO:colcon.colcon_ros.task.ament_python.build:Building ROS package in '/home/wego/kiro_ws/src/kiro_application' with build type 'ament_python'
[3.928s] Level 1:colcon.colcon_core.shell:create_environment_hook('kiro_application', 'ament_prefix_path')
[4.078s] INFO:colcon.colcon_core.plugin_system:Skipping extension 'colcon_core.shell.bat': Not used on non-Windows systems
[4.079s] INFO:colcon.colcon_core.shell:Creating environment hook '/home/wego/kiro_ws/src/install/kiro_application/share/kiro_application/hook/ament_prefix_path.ps1'
[4.082s] INFO:colcon.colcon_core.shell:Creating environment descriptor '/home/wego/kiro_ws/src/install/kiro_application/share/kiro_application/hook/ament_prefix_path.dsv'
[4.083s] INFO:colcon.colcon_core.shell:Creating environment hook '/home/wego/kiro_ws/src/install/kiro_application/share/kiro_application/hook/ament_prefix_path.sh'
[4.085s] INFO:colcon.colcon_core.shell:Skip shell extension 'powershell' for command environment: Not usable outside of PowerShell
[4.085s] DEBUG:colcon.colcon_core.shell:Skip shell extension 'dsv' for command environment
[4.971s] INFO:colcon.colcon_core.task.python.build:Building Python package in '/home/wego/kiro_ws/src/kiro_application'
[4.972s] INFO:colcon.colcon_core.shell:Skip shell extension 'powershell' for command environment: Not usable outside of PowerShell
[4.973s] DEBUG:colcon.colcon_core.shell:Skip shell extension 'dsv' for command environment
[7.641s] DEBUG:colcon.colcon_core.event_handler.log_command:Invoking command in '/home/wego/kiro_ws/src/kiro_application': PYTHONPATH=/home/wego/kiro_ws/src/build/kiro_application/prefix_override:/home/wego/kiro_ws/src/install/kiro_application/lib/python3.8/site-packages:${PYTHONPATH} /usr/bin/python3 -W ignore:setup.py install is deprecated setup.py egg_info --egg-base ../build/kiro_application build --build-base /home/wego/kiro_ws/src/build/kiro_application/build install --record /home/wego/kiro_ws/src/build/kiro_application/install.log --single-version-externally-managed install_data
[8.581s] DEBUG:colcon.colcon_core.event_handler.log_command:Invoked command in '/home/wego/kiro_ws/src/kiro_application' returned '0': PYTHONPATH=/home/wego/kiro_ws/src/build/kiro_application/prefix_override:/home/wego/kiro_ws/src/install/kiro_application/lib/python3.8/site-packages:${PYTHONPATH} /usr/bin/python3 -W ignore:setup.py install is deprecated setup.py egg_info --egg-base ../build/kiro_application build --build-base /home/wego/kiro_ws/src/build/kiro_application/build install --record /home/wego/kiro_ws/src/build/kiro_application/install.log --single-version-externally-managed install_data
[8.734s] Level 1:colcon.colcon_core.environment:checking '/home/wego/kiro_ws/src/install/kiro_application' for CMake module files
[8.736s] Level 1:colcon.colcon_core.environment:checking '/home/wego/kiro_ws/src/install/kiro_application' for CMake config files
[8.738s] Level 1:colcon.colcon_core.environment:checking '/home/wego/kiro_ws/src/install/kiro_application/lib'
[8.740s] Level 1:colcon.colcon_core.environment:checking '/home/wego/kiro_ws/src/install/kiro_application/bin'
[8.740s] Level 1:colcon.colcon_core.environment:checking '/home/wego/kiro_ws/src/install/kiro_application/lib/pkgconfig/kiro_application.pc'
[8.741s] Level 1:colcon.colcon_core.environment:checking '/home/wego/kiro_ws/src/install/kiro_application/lib/python3.8/site-packages'
[8.742s] Level 1:colcon.colcon_core.shell:create_environment_hook('kiro_application', 'pythonpath')
[8.743s] INFO:colcon.colcon_core.shell:Creating environment hook '/home/wego/kiro_ws/src/install/kiro_application/share/kiro_application/hook/pythonpath.ps1'
[8.746s] INFO:colcon.colcon_core.shell:Creating environment descriptor '/home/wego/kiro_ws/src/install/kiro_application/share/kiro_application/hook/pythonpath.dsv'
[8.747s] INFO:colcon.colcon_core.shell:Creating environment hook '/home/wego/kiro_ws/src/install/kiro_application/share/kiro_application/hook/pythonpath.sh'
[8.749s] Level 1:colcon.colcon_core.environment:checking '/home/wego/kiro_ws/src/install/kiro_application/bin'
[8.749s] Level 1:colcon.colcon_core.environment:create_environment_scripts_only(kiro_application)
[8.750s] INFO:colcon.colcon_core.shell:Creating package script '/home/wego/kiro_ws/src/install/kiro_application/share/kiro_application/package.ps1'
[8.893s] INFO:colcon.colcon_core.shell:Creating package descriptor '/home/wego/kiro_ws/src/install/kiro_application/share/kiro_application/package.dsv'
[8.896s] INFO:colcon.colcon_core.shell:Creating package script '/home/wego/kiro_ws/src/install/kiro_application/share/kiro_application/package.sh'
[8.899s] INFO:colcon.colcon_core.shell:Creating package script '/home/wego/kiro_ws/src/install/kiro_application/share/kiro_application/package.bash'
[8.903s] INFO:colcon.colcon_core.shell:Creating package script '/home/wego/kiro_ws/src/install/kiro_application/share/kiro_application/package.zsh'
[8.905s] Level 1:colcon.colcon_core.environment:create_file_with_runtime_dependencies(/home/wego/kiro_ws/src/install/kiro_application/share/colcon-core/packages/kiro_application)
[8.907s] DEBUG:colcon.colcon_parallel_executor.executor.parallel:closing loop
[8.908s] DEBUG:colcon.colcon_parallel_executor.executor.parallel:loop closed
[8.908s] DEBUG:colcon.colcon_parallel_executor.executor.parallel:run_until_complete finished with '0'
[8.909s] DEBUG:colcon.colcon_core.event_reactor:joining thread
[8.928s] INFO:colcon.colcon_core.plugin_system:Skipping extension 'colcon_notification.desktop_notification.terminal_notifier': Not used on non-Darwin systems
[8.929s] INFO:colcon.colcon_core.plugin_system:Skipping extension 'colcon_notification.desktop_notification.win32': Not used on non-Windows systems
[8.929s] INFO:colcon.colcon_notification.desktop_notification:Sending desktop notification using 'notify2'
[8.992s] DEBUG:colcon.colcon_core.event_reactor:joined thread
[8.994s] INFO:colcon.colcon_core.shell:Creating prefix script '/home/wego/kiro_ws/src/install/local_setup.ps1'
[9.125s] INFO:colcon.colcon_core.shell:Creating prefix util module '/home/wego/kiro_ws/src/install/_local_setup_util_ps1.py'
[9.129s] INFO:colcon.colcon_core.shell:Creating prefix chain script '/home/wego/kiro_ws/src/install/setup.ps1'
[9.279s] INFO:colcon.colcon_core.shell:Creating prefix script '/home/wego/kiro_ws/src/install/local_setup.sh'
[9.281s] INFO:colcon.colcon_core.shell:Creating prefix util module '/home/wego/kiro_ws/src/install/_local_setup_util_sh.py'
[9.282s] INFO:colcon.colcon_core.shell:Creating prefix chain script '/home/wego/kiro_ws/src/install/setup.sh'
[9.290s] INFO:colcon.colcon_core.shell:Creating prefix script '/home/wego/kiro_ws/src/install/local_setup.bash'
[9.291s] INFO:colcon.colcon_core.shell:Creating prefix chain script '/home/wego/kiro_ws/src/install/setup.bash'
[9.298s] INFO:colcon.colcon_core.shell:Creating prefix script '/home/wego/kiro_ws/src/install/local_setup.zsh'
[9.299s] INFO:colcon.colcon_core.shell:Creating prefix chain script '/home/wego/kiro_ws/src/install/setup.zsh'
